[debug] [2024-01-13T10:57:44.737Z] ----------------------------------------------------------------------
[debug] [2024-01-13T10:57:44.739Z] Command:       C:\Program Files\nodejs\node.exe C:\Users\ADMIN\AppData\Roaming\npm\node_modules\firebase-tools\lib\bin\firebase.js projects:create --display-name 'chat'
[debug] [2024-01-13T10:57:44.740Z] CLI Version:   13.0.3
[debug] [2024-01-13T10:57:44.740Z] Platform:      win32
[debug] [2024-01-13T10:57:44.741Z] Node Version:  v18.16.1
[debug] [2024-01-13T10:57:44.742Z] Time:          Sat Jan 13 2024 16:27:44 GMT+0530 (India Standard Time)
[debug] [2024-01-13T10:57:44.742Z] ----------------------------------------------------------------------
[debug] 
[debug] [2024-01-13T10:57:44.750Z] > command requires scopes: ["email","openid","https://www.googleapis.com/auth/cloudplatformprojects.readonly","https://www.googleapis.com/auth/firebase","https://www.googleapis.com/auth/cloud-platform"]
[debug] [2024-01-13T10:57:44.750Z] > authorizing via signed-in user (praneethmasula24@gmail.com)
[debug] [2024-01-13T10:57:58.605Z] >>> [apiv2][query] POST https://cloudresourcemanager.googleapis.com/v1/projects [none]
[debug] [2024-01-13T10:57:58.606Z] >>> [apiv2][body] POST https://cloudresourcemanager.googleapis.com/v1/projects {"projectId":"chat","name":"'chat'"}
[debug] [2024-01-13T10:58:00.283Z] <<< [apiv2][status] POST https://cloudresourcemanager.googleapis.com/v1/projects 400
[debug] [2024-01-13T10:58:00.284Z] <<< [apiv2][body] POST https://cloudresourcemanager.googleapis.com/v1/projects {"error":{"code":400,"message":"field [project_id] has issue [project_id must be at least 6 characters long]","status":"INVALID_ARGUMENT","details":[{"@type":"type.googleapis.com/google.rpc.BadRequest","fieldViolations":[{"field":"project_id","description":"project_id must be at least 6 characters long"}]},{"@type":"type.googleapis.com/google.rpc.Help","links":[{"url":"https://cloud.google.com/resource-manager/reference/rest/v1/projects"}]}]}}
[debug] [2024-01-13T10:58:00.523Z] FirebaseError: HTTP Error: 400, field [project_id] has issue [project_id must be at least 6 characters long]
    at responseToError (C:\Users\ADMIN\AppData\Roaming\npm\node_modules\firebase-tools\lib\responseToError.js:49:12)
    at RetryOperation._fn (C:\Users\ADMIN\AppData\Roaming\npm\node_modules\firebase-tools\lib\apiv2.js:292:77)
    at process.processTicksAndRejections (node:internal/process/task_queues:95:5)
[error] 
[error] Error: Failed to create project. See firebase-debug.log for more info.
[debug] [2024-01-13T10:58:10.148Z] ----------------------------------------------------------------------
[debug] [2024-01-13T10:58:10.150Z] Command:       C:\Program Files\nodejs\node.exe C:\Users\ADMIN\AppData\Roaming\npm\node_modules\firebase-tools\lib\bin\firebase.js projects:create --display-name 'chat'
[debug] [2024-01-13T10:58:10.150Z] CLI Version:   13.0.3
[debug] [2024-01-13T10:58:10.150Z] Platform:      win32
[debug] [2024-01-13T10:58:10.150Z] Node Version:  v18.16.1
[debug] [2024-01-13T10:58:10.151Z] Time:          Sat Jan 13 2024 16:28:10 GMT+0530 (India Standard Time)
[debug] [2024-01-13T10:58:10.151Z] ----------------------------------------------------------------------
[debug] 
[debug] [2024-01-13T10:58:10.158Z] > command requires scopes: ["email","openid","https://www.googleapis.com/auth/cloudplatformprojects.readonly","https://www.googleapis.com/auth/firebase","https://www.googleapis.com/auth/cloud-platform"]
[debug] [2024-01-13T10:58:10.159Z] > authorizing via signed-in user (praneethmasula24@gmail.com)
[debug] [2024-01-13T10:58:13.382Z] >>> [apiv2][query] POST https://cloudresourcemanager.googleapis.com/v1/projects [none]
[debug] [2024-01-13T10:58:13.383Z] >>> [apiv2][body] POST https://cloudresourcemanager.googleapis.com/v1/projects {"projectId":"123444","name":"'chat'"}
[debug] [2024-01-13T10:58:15.173Z] <<< [apiv2][status] POST https://cloudresourcemanager.googleapis.com/v1/projects 400
[debug] [2024-01-13T10:58:15.174Z] <<< [apiv2][body] POST https://cloudresourcemanager.googleapis.com/v1/projects {"error":{"code":400,"message":"field [project_id] has issue [project_id contains invalid characters]","status":"INVALID_ARGUMENT","details":[{"@type":"type.googleapis.com/google.rpc.BadRequest","fieldViolations":[{"field":"project_id","description":"project_id contains invalid characters"}]},{"@type":"type.googleapis.com/google.rpc.Help","links":[{"url":"https://cloud.google.com/resource-manager/reference/rest/v1/projects"}]}]}}
[debug] [2024-01-13T10:58:15.388Z] FirebaseError: HTTP Error: 400, field [project_id] has issue [project_id contains invalid characters]
    at responseToError (C:\Users\ADMIN\AppData\Roaming\npm\node_modules\firebase-tools\lib\responseToError.js:49:12)
    at RetryOperation._fn (C:\Users\ADMIN\AppData\Roaming\npm\node_modules\firebase-tools\lib\apiv2.js:292:77)
    at process.processTicksAndRejections (node:internal/process/task_queues:95:5)
[error] 
[error] Error: Failed to create project. See firebase-debug.log for more info.
